C:\Users\Abanob\source\repos\BooksAPI\BooksAPI\BooksFrontend\dist\out-tsc\e2e\src\app.po.js
C:\Users\Abanob\source\repos\BooksAPI\BooksAPI\BooksFrontend\dist\out-tsc\e2e\src\app.po.js.map
C:\Users\Abanob\source\repos\BooksAPI\BooksAPI\BooksFrontend\dist\out-tsc\e2e\src\app.e2e-spec.js
C:\Users\Abanob\source\repos\BooksAPI\BooksAPI\BooksFrontend\dist\out-tsc\e2e\src\app.e2e-spec.js.map
C:\Users\Abanob\source\repos\BooksAPI\BooksAPI\BooksFrontend\dist\out-tsc\src\app\app-routing.module.js
C:\Users\Abanob\source\repos\BooksAPI\BooksAPI\BooksFrontend\dist\out-tsc\src\app\app-routing.module.js.map
C:\Users\Abanob\source\repos\BooksAPI\BooksAPI\BooksFrontend\dist\out-tsc\src\app\app.component.js
C:\Users\Abanob\source\repos\BooksAPI\BooksAPI\BooksFrontend\dist\out-tsc\src\app\app.component.js.map
C:\Users\Abanob\source\repos\BooksAPI\BooksAPI\BooksFrontend\dist\out-tsc\src\app\book.model.js
C:\Users\Abanob\source\repos\BooksAPI\BooksAPI\BooksFrontend\dist\out-tsc\src\app\book.model.js.map
C:\Users\Abanob\source\repos\BooksAPI\BooksAPI\BooksFrontend\dist\out-tsc\src\app\book.service.js
C:\Users\Abanob\source\repos\BooksAPI\BooksAPI\BooksFrontend\dist\out-tsc\src\app\book.service.js.map
C:\Users\Abanob\source\repos\BooksAPI\BooksAPI\BooksFrontend\dist\out-tsc\src\app\books-list\books-list.component.js
C:\Users\Abanob\source\repos\BooksAPI\BooksAPI\BooksFrontend\dist\out-tsc\src\app\books-list\books-list.component.js.map
C:\Users\Abanob\source\repos\BooksAPI\BooksAPI\BooksFrontend\dist\out-tsc\src\app\book-item\book-item.component.js
C:\Users\Abanob\source\repos\BooksAPI\BooksAPI\BooksFrontend\dist\out-tsc\src\app\book-item\book-item.component.js.map
C:\Users\Abanob\source\repos\BooksAPI\BooksAPI\BooksFrontend\dist\out-tsc\src\app\app.module.js
C:\Users\Abanob\source\repos\BooksAPI\BooksAPI\BooksFrontend\dist\out-tsc\src\app\app.module.js.map
C:\Users\Abanob\source\repos\BooksAPI\BooksAPI\BooksFrontend\dist\out-tsc\src\environments\environment.js
C:\Users\Abanob\source\repos\BooksAPI\BooksAPI\BooksFrontend\dist\out-tsc\src\environments\environment.js.map
C:\Users\Abanob\source\repos\BooksAPI\BooksAPI\BooksFrontend\dist\out-tsc\src\main.js
C:\Users\Abanob\source\repos\BooksAPI\BooksAPI\BooksFrontend\dist\out-tsc\src\main.js.map
C:\Users\Abanob\source\repos\BooksAPI\BooksAPI\BooksFrontend\dist\out-tsc\src\polyfills.js
C:\Users\Abanob\source\repos\BooksAPI\BooksAPI\BooksFrontend\dist\out-tsc\src\polyfills.js.map
C:\Users\Abanob\source\repos\BooksAPI\BooksAPI\BooksFrontend\dist\out-tsc\src\test.js
C:\Users\Abanob\source\repos\BooksAPI\BooksAPI\BooksFrontend\dist\out-tsc\src\test.js.map
C:\Users\Abanob\source\repos\BooksAPI\BooksAPI\BooksFrontend\dist\out-tsc\src\environments\environment.prod.js
C:\Users\Abanob\source\repos\BooksAPI\BooksAPI\BooksFrontend\dist\out-tsc\src\environments\environment.prod.js.map
